{
  "RSpec": {
    "coverage": {
      "/home/vasko/RubymineProjects/smart_pension_task/loader.rb": {
        "lines": [
          null,
          null,
          1,
          null,
          1,
          null,
          1,
          1,
          1,
          1,
          1,
          2,
          null,
          null,
          1,
          4,
          null,
          1,
          1,
          null,
          1,
          1,
          3,
          null,
          null,
          1,
          1,
          4,
          null
        ]
      },
      "/home/vasko/RubymineProjects/smart_pension_task/configuration/config.rb": {
        "lines": [
          null,
          null,
          1,
          null,
          1,
          1,
          null,
          1,
          null,
          1,
          1,
          11,
          null,
          null,
          1,
          1124,
          null,
          null,
          1,
          10,
          null,
          null,
          1,
          1125,
          null,
          null,
          1,
          3,
          3,
          null,
          null,
          null
        ]
      },
      "/home/vasko/RubymineProjects/smart_pension_task/lib/errors/exceptions.rb": {
        "lines": [
          null,
          null,
          1,
          1,
          null,
          null,
          1,
          1,
          null,
          null,
          1,
          null,
          null,
          1,
          null,
          null,
          null,
          1,
          1,
          null,
          null,
          1,
          null,
          null,
          1,
          null,
          null,
          1,
          null,
          null,
          null
        ]
      },
      "/home/vasko/RubymineProjects/smart_pension_task/lib/datasource/format_validators.rb": {
        "lines": [
          null,
          null,
          1,
          1,
          null,
          1,
          1,
          null,
          1,
          1,
          3369,
          null,
          null,
          1,
          1,
          null,
          null,
          null,
          null,
          null,
          1,
          1,
          null,
          1,
          1124,
          null,
          null,
          null,
          null,
          1,
          1,
          null,
          1,
          1124,
          null,
          null,
          null,
          null,
          1,
          1,
          null,
          1,
          1121,
          null,
          null,
          null,
          null
        ]
      },
      "/home/vasko/RubymineProjects/smart_pension_task/lib/datasource/exception_handler.rb": {
        "lines": [
          null,
          null,
          1,
          1,
          1,
          1,
          9,
          null,
          1,
          1,
          null,
          null,
          1,
          1114,
          null,
          1,
          null,
          null,
          1,
          null,
          1,
          null,
          0,
          null,
          null,
          null,
          null,
          null
        ]
      },
      "/home/vasko/RubymineProjects/smart_pension_task/lib/datasource/delegator.rb": {
        "lines": [
          null,
          null,
          1,
          1,
          1,
          9,
          null,
          9,
          9,
          1114,
          1114,
          null,
          null,
          1114,
          null,
          null,
          null,
          null,
          1,
          1123,
          null,
          1122,
          null,
          1,
          null,
          null,
          null,
          null
        ]
      },
      "/home/vasko/RubymineProjects/smart_pension_task/lib/datasource/readers/base.rb": {
        "lines": [
          null,
          null,
          1,
          1,
          1,
          null,
          1,
          0,
          null,
          null,
          1,
          0,
          null,
          null,
          null,
          null,
          null
        ]
      },
      "/home/vasko/RubymineProjects/smart_pension_task/lib/datasource/readers/web_page_log.rb": {
        "lines": [
          null,
          null,
          null,
          1,
          1,
          1,
          1,
          null,
          1,
          1128,
          null,
          null,
          1,
          10,
          null,
          8,
          null,
          null,
          1,
          1118,
          null,
          1117,
          1117,
          1116,
          null,
          1114,
          null,
          null,
          1,
          null,
          1,
          10,
          null,
          null,
          null,
          null
        ]
      },
      "/home/vasko/RubymineProjects/smart_pension_task/lib/data_accessors/table_function/count.rb": {
        "lines": [
          null,
          null,
          1,
          1,
          1,
          31,
          31,
          null,
          null,
          null,
          null
        ]
      },
      "/home/vasko/RubymineProjects/smart_pension_task/lib/data_accessors/table_function/group.rb": {
        "lines": [
          null,
          null,
          1,
          1,
          null,
          null,
          null,
          1,
          9,
          1158,
          30,
          30,
          30,
          null,
          null,
          null,
          null,
          1,
          null,
          1,
          30,
          null,
          30,
          46,
          null,
          null,
          30,
          null,
          null,
          1,
          30,
          null,
          null,
          null
        ]
      },
      "/home/vasko/RubymineProjects/smart_pension_task/lib/data_accessors/table_function/order.rb": {
        "lines": [
          null,
          null,
          1,
          1,
          1,
          41,
          9,
          9,
          null,
          null,
          null
        ]
      },
      "/home/vasko/RubymineProjects/smart_pension_task/lib/data_accessors/table_function/unique.rb": {
        "lines": [
          null,
          null,
          1,
          1,
          1,
          648,
          null,
          null,
          null
        ]
      },
      "/home/vasko/RubymineProjects/smart_pension_task/lib/data_accessors/table_row.rb": {
        "lines": [
          null,
          null,
          1,
          1,
          1237,
          null,
          null
        ]
      },
      "/home/vasko/RubymineProjects/smart_pension_task/lib/data_accessors/data_table.rb": {
        "lines": [
          null,
          null,
          1,
          1,
          1,
          1,
          1,
          null,
          1,
          null,
          1,
          null,
          1,
          116,
          null,
          116,
          null,
          null,
          1,
          9,
          null,
          null,
          1,
          5,
          null,
          5,
          5,
          1108,
          1108,
          null,
          null,
          null,
          null
        ]
      },
      "/home/vasko/RubymineProjects/smart_pension_task/lib/services/base.rb": {
        "lines": [
          null,
          null,
          1,
          1,
          1,
          1,
          null,
          null,
          null
        ]
      },
      "/home/vasko/RubymineProjects/smart_pension_task/lib/services/pages_ordered_by_unique_visits.rb": {
        "lines": [
          null,
          null,
          1,
          1,
          1,
          3,
          null,
          null,
          null,
          null,
          null
        ]
      },
      "/home/vasko/RubymineProjects/smart_pension_task/lib/services/pages_ordered_by_visits.rb": {
        "lines": [
          null,
          null,
          1,
          1,
          1,
          4,
          null,
          null,
          null
        ]
      },
      "/home/vasko/RubymineProjects/smart_pension_task/lib/views/base.rb": {
        "lines": [
          null,
          null,
          1,
          1,
          1,
          null,
          1,
          9,
          9,
          null,
          null,
          1,
          1,
          null,
          null,
          null
        ]
      },
      "/home/vasko/RubymineProjects/smart_pension_task/lib/views/stdout_generic.rb": {
        "lines": [
          null,
          null,
          null,
          1,
          1,
          1,
          1,
          null,
          1,
          2,
          null,
          null,
          null,
          null
        ]
      },
      "/home/vasko/RubymineProjects/smart_pension_task/lib/views/stdout_unique_visits_count.rb": {
        "lines": [
          null,
          null,
          null,
          1,
          1,
          1,
          3,
          null,
          3,
          14,
          null,
          null,
          null,
          null
        ]
      },
      "/home/vasko/RubymineProjects/smart_pension_task/lib/views/stdout_visits_count.rb": {
        "lines": [
          null,
          null,
          null,
          1,
          1,
          1,
          4,
          null,
          4,
          12,
          null,
          null,
          null,
          null
        ]
      },
      "/home/vasko/RubymineProjects/smart_pension_task/spec/data_accessors/table_function/count_spec.rb": {
        "lines": [
          null,
          null,
          1,
          null,
          1,
          1,
          1,
          null,
          null,
          null,
          null,
          null,
          2,
          null,
          1,
          1,
          1,
          1,
          null,
          null,
          null
        ]
      },
      "/home/vasko/RubymineProjects/smart_pension_task/spec/data_accessors/table_function/group_spec.rb": {
        "lines": [
          null,
          null,
          1,
          null,
          1,
          1,
          2,
          null,
          null,
          null,
          null,
          null,
          null,
          null,
          null,
          null,
          null,
          null,
          null,
          3,
          2,
          3,
          null,
          1,
          1,
          1,
          1,
          1,
          1,
          null,
          null,
          null,
          1,
          2,
          null,
          1,
          1,
          1,
          1,
          null,
          null,
          null,
          null
        ]
      },
      "/home/vasko/RubymineProjects/smart_pension_task/spec/data_accessors/table_function/order_spec.rb": {
        "lines": [
          null,
          null,
          1,
          null,
          1,
          1,
          2,
          null,
          null,
          null,
          null,
          null,
          3,
          2,
          3,
          null,
          1,
          1,
          1,
          1,
          4,
          null,
          null,
          null,
          1,
          2,
          null,
          1,
          1,
          4,
          null,
          null,
          null,
          null
        ]
      },
      "/home/vasko/RubymineProjects/smart_pension_task/spec/data_accessors/table_function/unique_spec.rb": {
        "lines": [
          null,
          null,
          1,
          null,
          1,
          1,
          2,
          null,
          null,
          null,
          null,
          null,
          null,
          null,
          1,
          null,
          1,
          1,
          1,
          null,
          1,
          1,
          1,
          null,
          null,
          1,
          1,
          null,
          1,
          1,
          1,
          1,
          null,
          null,
          null
        ]
      },
      "/home/vasko/RubymineProjects/smart_pension_task/spec/datasource/delegator_spec.rb": {
        "lines": [
          null,
          null,
          1,
          null,
          1,
          1,
          4,
          4,
          null,
          null,
          1,
          1,
          1,
          1,
          2,
          1,
          null,
          null,
          null,
          1,
          1,
          1,
          null,
          null,
          1,
          1,
          2,
          1,
          null,
          null,
          null,
          null,
          1,
          1,
          1,
          null,
          1,
          2,
          1,
          null,
          null,
          1,
          1,
          null,
          2,
          null,
          null,
          null
        ]
      },
      "/home/vasko/RubymineProjects/smart_pension_task/spec/datasource/format_validators_spec.rb": {
        "lines": [
          null,
          null,
          1,
          null,
          1,
          18,
          null,
          18,
          18,
          20,
          null,
          16,
          null,
          null,
          null,
          null,
          1,
          1,
          1,
          1,
          null,
          1,
          1,
          1,
          1,
          null,
          null,
          1,
          1,
          1,
          1,
          1,
          null,
          1,
          1,
          1,
          null,
          null,
          1,
          1,
          1,
          null,
          1,
          1,
          1,
          null,
          null,
          1,
          1,
          2,
          null,
          null,
          null
        ]
      },
      "/home/vasko/RubymineProjects/smart_pension_task/spec/datasource/readers/web_page_log_spec.rb": {
        "lines": [
          null,
          null,
          1,
          null,
          1,
          1,
          1,
          1,
          2,
          null,
          null,
          1,
          1,
          2,
          null,
          null,
          null,
          1,
          5,
          null,
          1,
          1,
          null,
          null,
          1,
          1,
          1,
          1,
          null,
          null,
          null,
          1,
          2,
          null,
          null,
          1,
          2,
          null,
          null,
          null,
          null
        ]
      },
      "/home/vasko/RubymineProjects/smart_pension_task/spec/integration_spec.rb": {
        "lines": [
          null,
          null,
          1,
          null,
          1,
          1,
          3,
          3,
          null,
          null,
          3,
          1,
          1,
          null,
          1,
          3,
          3,
          null,
          null,
          1,
          3,
          6,
          null,
          null,
          null,
          1,
          1,
          2,
          2,
          null,
          1,
          null,
          1,
          null,
          null,
          null,
          null,
          null,
          null,
          null,
          null,
          null,
          null,
          1,
          2,
          2,
          null,
          1,
          null,
          1,
          null,
          null,
          null,
          null,
          null,
          null,
          null,
          null,
          null,
          null,
          null,
          1,
          1,
          2,
          2,
          2,
          null,
          1,
          null,
          1,
          null,
          null,
          null,
          null,
          null,
          null,
          null,
          null,
          null,
          null,
          null
        ]
      },
      "/home/vasko/RubymineProjects/smart_pension_task/spec/parser_spec.rb": {
        "lines": [
          null,
          null,
          1,
          null,
          1,
          null,
          1,
          1,
          3,
          null,
          1,
          null,
          2,
          null,
          null,
          null,
          null,
          null,
          1,
          1,
          null,
          2,
          null,
          null,
          null,
          null,
          1,
          2,
          null,
          null,
          null,
          1,
          3,
          null,
          1,
          1,
          null,
          null,
          null,
          1,
          4,
          null,
          1,
          1,
          1,
          null,
          null,
          1,
          1,
          1,
          null,
          null,
          1,
          1,
          1,
          null,
          null,
          null
        ]
      },
      "/home/vasko/RubymineProjects/smart_pension_task/parser.rb": {
        "lines": [
          null,
          null,
          null,
          1,
          1,
          null,
          1,
          1,
          null,
          null,
          1,
          null,
          null,
          null,
          1,
          null,
          null,
          null,
          null,
          1,
          1,
          1,
          1,
          1,
          1,
          1,
          2,
          2,
          2,
          null,
          null,
          1,
          null,
          1,
          2,
          2,
          2,
          null,
          null,
          1,
          7,
          null,
          null,
          1,
          2,
          null,
          null,
          1,
          5,
          1,
          null,
          4,
          null,
          3,
          null,
          1,
          null,
          null,
          null,
          null,
          null,
          1
        ]
      },
      "/home/vasko/RubymineProjects/smart_pension_task/spec/services/base_spec.rb": {
        "lines": [
          null,
          null,
          1,
          null,
          1,
          2,
          null,
          1,
          2,
          null,
          null
        ]
      },
      "/home/vasko/RubymineProjects/smart_pension_task/spec/services/pages_ordered_by_unique_visits_spec.rb": {
        "lines": [
          null,
          null,
          1,
          null,
          1,
          2,
          null,
          1,
          1,
          null,
          null,
          null,
          null,
          null,
          null,
          null,
          null,
          null,
          null,
          null,
          1,
          1,
          null,
          null,
          1,
          1,
          1,
          null,
          null
        ]
      },
      "/home/vasko/RubymineProjects/smart_pension_task/spec/services/pages_ordered_by_visits_spec.rb": {
        "lines": [
          null,
          null,
          1,
          null,
          1,
          2,
          null,
          1,
          1,
          null,
          null,
          null,
          null,
          null,
          null,
          null,
          null,
          null,
          null,
          null,
          null,
          null,
          null,
          null,
          null,
          1,
          1,
          null,
          null,
          1,
          1,
          1,
          null,
          null
        ]
      },
      "/home/vasko/RubymineProjects/smart_pension_task/spec/views/base_spec.rb": {
        "lines": [
          null,
          null,
          1,
          null,
          1,
          2,
          null,
          1,
          2,
          null,
          null
        ]
      },
      "/home/vasko/RubymineProjects/smart_pension_task/spec/views/stdout_generic_spec.rb": {
        "lines": [
          null,
          null,
          1,
          null,
          1,
          2,
          null,
          1,
          1,
          null,
          null,
          null,
          null,
          null,
          1,
          2,
          null,
          null
        ]
      },
      "/home/vasko/RubymineProjects/smart_pension_task/spec/views/stdout_unique_visits_count_spec.rb": {
        "lines": [
          null,
          null,
          1,
          null,
          1,
          2,
          null,
          1,
          1,
          null,
          null,
          null,
          null,
          null,
          1,
          2,
          null,
          null
        ]
      },
      "/home/vasko/RubymineProjects/smart_pension_task/spec/views/stdout_visits_count_spec.rb": {
        "lines": [
          null,
          null,
          1,
          null,
          1,
          2,
          null,
          1,
          1,
          null,
          null,
          null,
          null,
          null,
          1,
          2,
          null,
          null
        ]
      }
    },
    "timestamp": 1664808508
  }
}
